#
# There is insufficient memory for the Java Runtime Environment to continue.
# Native memory allocation (malloc) failed to allocate 228416 bytes. Error detail: Chunk::new
# Possible reasons:
#   The system is out of physical RAM or swap space
#   This process is running with CompressedOops enabled, and the Java Heap may be blocking the growth of the native heap
# Possible solutions:
#   Reduce memory load on the system
#   Increase physical memory or swap space
#   Check if swap backing store is full
#   Decrease Java heap size (-Xmx/-Xms)
#   Decrease number of Java threads
#   Decrease Java thread stack sizes (-Xss)
#   Set larger code cache with -XX:ReservedCodeCacheSize=
#   JVM is running with Unscaled Compressed Oops mode in which the Java heap is
#     placed in the first 4GB address space. The Java Heap base address is the
#     maximum limit for the native heap growth. Please use -XX:HeapBaseMinAddress
#     to set the Java Heap base and to place the Java Heap above 4GB virtual address.
# This output file may be truncated or incomplete.
#
#  Out of Memory Error (arena.cpp:168), pid=12840, tid=8936
#
# JRE version: OpenJDK Runtime Environment Temurin-21.0.8+9 (21.0.8+9) (build 21.0.8+9-LTS)
# Java VM: OpenJDK 64-Bit Server VM Temurin-21.0.8+9 (21.0.8+9-LTS, mixed mode, sharing, tiered, compressed oops, compressed class ptrs, parallel gc, windows-amd64)
# No core dump will be written. Minidumps are not enabled by default on client versions of Windows
#

---------------  S U M M A R Y ------------

Command Line: --add-modules=ALL-SYSTEM --add-opens=java.base/java.util=ALL-UNNAMED --add-opens=java.base/java.lang=ALL-UNNAMED --add-opens=java.base/sun.nio.fs=ALL-UNNAMED -Declipse.application=org.eclipse.jdt.ls.core.id1 -Dosgi.bundles.defaultStartLevel=4 -Declipse.product=org.eclipse.jdt.ls.core.product -Djava.import.generatesMetadataFilesAtProjectRoot=false -DDetectVMInstallationsJob.disabled=true -Dfile.encoding=utf8 -XX:+UseParallelGC -XX:GCTimeRatio=4 -XX:AdaptiveSizePolicyWeight=90 -Dsun.zip.disableMemoryMapping=true -Xmx2G -Xms100m -Xlog:disable -javaagent:c:\Users\POS\.vscode\extensions\redhat.java-1.47.0-win32-x64\lombok\lombok-1.18.39-4050.jar c:\Users\POS\.vscode\extensions\redhat.java-1.47.0-win32-x64\server\plugins\org.eclipse.equinox.launcher_1.7.100.v20251014-1222.jar -configuration c:\Users\POS\AppData\Roaming\Code\User\globalStorage\redhat.java\1.47.0\config_ss_win -data c:\Users\POS\AppData\Roaming\Code\User\workspaceStorage\008ff02e03c7615aeb9353bddca748a4\redhat.java\ss_ws --pipe=\\.\pipe\lsp-fbe9fd811400b177837ee9d00a70894d-sock

Host: Intel(R) Core(TM) i3-4025U CPU @ 1.90GHz, 4 cores, 3G,  Windows 10 , 64 bit Build 19041 (10.0.19041.5915)
Time: Tue Nov 11 22:05:54 2025 Pacific Standard Time elapsed time: 3.264136 seconds (0d 0h 0m 3s)

---------------  T H R E A D  ---------------

Current thread (0x0000025a299aaae0):  JavaThread "C2 CompilerThread0" daemon [_thread_in_native, id=8936, stack(0x000000e38f800000,0x000000e38f900000) (1024K)]


Current CompileTask:
C2:3264  967   !   4       java.util.jar.Attributes::read (494 bytes)

Stack: [0x000000e38f800000,0x000000e38f900000]
Native frames: (J=compiled Java code, j=interpreted, Vv=VM code, C=native code)
V  [jvm.dll+0x6d2449]
V  [jvm.dll+0x8ae341]
V  [jvm.dll+0x8b08be]
V  [jvm.dll+0x8b0fa3]
V  [jvm.dll+0x280c96]
V  [jvm.dll+0xc581d]
V  [jvm.dll+0xc5d53]
V  [jvm.dll+0x2f539d]
V  [jvm.dll+0x5fa00a]
V  [jvm.dll+0x252092]
V  [jvm.dll+0x24aa06]
V  [jvm.dll+0x2483a4]
V  [jvm.dll+0x1c89ee]
V  [jvm.dll+0x257d4d]
V  [jvm.dll+0x2562ea]
V  [jvm.dll+0x3f2d16]
V  [jvm.dll+0x857e6b]
V  [jvm.dll+0x6d0b0d]
C  [ucrtbase.dll+0x21bb2]
C  [KERNEL32.DLL+0x17374]
C  [ntdll.dll+0x4cc91]


---------------  P R O C E S S  ---------------

Threads class SMR info:
_java_thread_list=0x0000025a82377c50, length=11, elements={
0x0000025a29ab2910, 0x0000025a299a1be0, 0x0000025a299a2a80, 0x0000025a299a5930,
0x0000025a299a6800, 0x0000025a299a9260, 0x0000025a299a9cb0, 0x0000025a299aaae0,
0x0000025a29a13940, 0x0000025a29b1cb40, 0x0000025a822fcc90
}

Java Threads: ( => current thread )
  0x0000025a29ab2910 JavaThread "main"                              [_thread_in_Java, id=4912, stack(0x000000e38ee00000,0x000000e38ef00000) (1024K)]
  0x0000025a299a1be0 JavaThread "Reference Handler"          daemon [_thread_blocked, id=9612, stack(0x000000e38f200000,0x000000e38f300000) (1024K)]
  0x0000025a299a2a80 JavaThread "Finalizer"                  daemon [_thread_blocked, id=10912, stack(0x000000e38f300000,0x000000e38f400000) (1024K)]
  0x0000025a299a5930 JavaThread "Signal Dispatcher"          daemon [_thread_blocked, id=6456, stack(0x000000e38f400000,0x000000e38f500000) (1024K)]
  0x0000025a299a6800 JavaThread "Attach Listener"            daemon [_thread_blocked, id=6860, stack(0x000000e38f500000,0x000000e38f600000) (1024K)]
  0x0000025a299a9260 JavaThread "Service Thread"             daemon [_thread_blocked, id=2768, stack(0x000000e38f600000,0x000000e38f700000) (1024K)]
  0x0000025a299a9cb0 JavaThread "Monitor Deflation Thread"   daemon [_thread_blocked, id=12332, stack(0x000000e38f700000,0x000000e38f800000) (1024K)]
=>0x0000025a299aaae0 JavaThread "C2 CompilerThread0"         daemon [_thread_in_native, id=8936, stack(0x000000e38f800000,0x000000e38f900000) (1024K)]
  0x0000025a29a13940 JavaThread "C1 CompilerThread0"         daemon [_thread_blocked, id=7664, stack(0x000000e38f900000,0x000000e38fa00000) (1024K)]
  0x0000025a29b1cb40 JavaThread "Common-Cleaner"             daemon [_thread_blocked, id=10592, stack(0x000000e38fa00000,0x000000e38fb00000) (1024K)]
  0x0000025a822fcc90 JavaThread "Notification Thread"        daemon [_thread_blocked, id=10876, stack(0x000000e38fb00000,0x000000e38fc00000) (1024K)]
Total: 11

Other Threads:
  0x0000025a29b6f6e0 VMThread "VM Thread"                           [id=4816, stack(0x000000e38f100000,0x000000e38f200000) (1024K)]
  0x0000025a29b1bd20 WatcherThread "VM Periodic Task Thread"        [id=4484, stack(0x000000e38f000000,0x000000e38f100000) (1024K)]
  0x0000025a29ad05f0 WorkerThread "GC Thread#0"                     [id=6108, stack(0x000000e38ef00000,0x000000e38f000000) (1024K)]
Total: 3

Threads with active compile tasks:
C2 CompilerThread0  3308  967   !   4       java.util.jar.Attributes::read (494 bytes)
Total: 1

VM state: not at safepoint (normal execution)

VM Mutex/Monitor currently owned by a thread: None

Heap address: 0x0000000080000000, size: 2048 MB, Compressed Oops mode: 32-bit

CDS archive(s) mapped at: [0x0000025a41000000-0x0000025a41ba0000-0x0000025a41ba0000), size 12189696, SharedBaseAddress: 0x0000025a41000000, ArchiveRelocationMode: 1.
Compressed class space mapped at: 0x0000025a42000000-0x0000025a82000000, reserved size: 1073741824
Narrow klass base: 0x0000025a41000000, Narrow klass shift: 0, Narrow klass range: 0x100000000

GC Precious Log:
 CardTable entry size: 512
 CPUs: 4 total, 4 available
 Memory: 4017M
 Large Page Support: Disabled
 NUMA Support: Disabled
 Compressed Oops: Enabled (32-bit)
 Alignments: Space 512K, Generation 512K, Heap 2M
 Heap Min Capacity: 100M
 Heap Initial Capacity: 100M
 Heap Max Capacity: 2G
 Pre-touch: Disabled
 Parallel Workers: 4

Heap:
 PSYoungGen      total 29696K, used 19919K [0x00000000d5580000, 0x00000000d7680000, 0x0000000100000000)
  eden space 25600K, 77% used [0x00000000d5580000,0x00000000d68f3f50,0x00000000d6e80000)
  from space 4096K, 0% used [0x00000000d7280000,0x00000000d7280000,0x00000000d7680000)
  to   space 4096K, 0% used [0x00000000d6e80000,0x00000000d6e80000,0x00000000d7280000)
 ParOldGen       total 68608K, used 0K [0x0000000080000000, 0x0000000084300000, 0x00000000d5580000)
  object space 68608K, 0% used [0x0000000080000000,0x0000000080000000,0x0000000084300000)
 Metaspace       used 3554K, committed 3776K, reserved 1114112K
  class space    used 388K, committed 512K, reserved 1048576K

Card table byte_map: [0x0000025a29460000,0x0000025a29870000] _byte_map_base: 0x0000025a29060000

Marking Bits: (ParMarkBitMap*) 0x00007ffe5b84a340
 Begin Bits: [0x0000025a3bf60000, 0x0000025a3df60000)
 End Bits:   [0x0000025a3df60000, 0x0000025a3ff60000)

Polling page: 0x0000025a27860000

Metaspace:

Usage:
  Non-class:      3.09 MB used.
      Class:    388.46 KB used.
       Both:      3.47 MB used.

Virtual space:
  Non-class space:       64.00 MB reserved,       3.19 MB (  5%) committed,  1 nodes.
      Class space:        1.00 GB reserved,     512.00 KB ( <1%) committed,  1 nodes.
             Both:        1.06 GB reserved,       3.69 MB ( <1%) committed. 

Chunk freelists:
   Non-Class:  11.45 MB
       Class:  15.47 MB
        Both:  26.93 MB

MaxMetaspaceSize: unlimited
CompressedClassSpaceSize: 1.00 GB
Initial GC threshold: 21.00 MB
Current GC threshold: 21.00 MB
CDS: on
 - commit_granule_bytes: 65536.
 - commit_granule_words: 8192.
 - virtual_space_node_default_size: 8388608.
 - enlarge_chunks_in_place: 1.
 - use_allocation_guard: 0.


Internal statistics:

num_allocs_failed_limit: 0.
num_arena_births: 170.
num_arena_deaths: 0.
num_vsnodes_births: 2.
num_vsnodes_deaths: 0.
num_space_committed: 59.
num_space_uncommitted: 0.
num_chunks_returned_to_freelist: 0.
num_chunks_taken_from_freelist: 215.
num_chunk_merges: 0.
num_chunk_splits: 140.
num_chunks_enlarged: 77.
num_inconsistent_stats: 0.

CodeHeap 'non-profiled nmethods': size=120000Kb used=383Kb max_used=383Kb free=119616Kb
 bounds [0x0000025a34780000, 0x0000025a349f0000, 0x0000025a3bcb0000]
CodeHeap 'profiled nmethods': size=120000Kb used=1555Kb max_used=1555Kb free=118444Kb
 bounds [0x0000025a2ccb0000, 0x0000025a2cf20000, 0x0000025a341e0000]
CodeHeap 'non-nmethods': size=5760Kb used=1191Kb max_used=1207Kb free=4568Kb
 bounds [0x0000025a341e0000, 0x0000025a34450000, 0x0000025a34780000]
CodeCache: size=245760Kb, used=3129Kb, max_used=3145Kb, free=242628Kb
 total_blobs=1426, nmethods=976, adapters=357, full_count=0
Compilation: enabled, stopped_count=0, restarted_count=0

Compilation events (20 events):
Event: 3.212 Thread 0x0000025a299aaae0 nmethod 962% 0x0000025a347ddc90 code [0x0000025a347dde40, 0x0000025a347de1e0]
Event: 3.215 Thread 0x0000025a299aaae0  963       4       sun.security.util.ManifestDigester::findSection (181 bytes)
Event: 3.219 Thread 0x0000025a29a13940  964       3       jdk.internal.misc.Unsafe::getLongUnaligned (173 bytes)
Event: 3.220 Thread 0x0000025a29a13940 nmethod 964 0x0000025a2ce2d490 code [0x0000025a2ce2d680, 0x0000025a2ce2da60]
Event: 3.222 Thread 0x0000025a299aaae0 nmethod 963 0x0000025a347de490 code [0x0000025a347de640, 0x0000025a347de968]
Event: 3.222 Thread 0x0000025a299aaae0  965       4       java.util.HashMap::getNode (150 bytes)
Event: 3.224 Thread 0x0000025a29a13940  966       3       java.lang.String::<init> (16 bytes)
Event: 3.224 Thread 0x0000025a29a13940 nmethod 966 0x0000025a2ce2db90 code [0x0000025a2ce2dd60, 0x0000025a2ce2e018]
Event: 3.227 Thread 0x0000025a29a13940  969  s    1       java.io.ByteArrayOutputStream::size (5 bytes)
Event: 3.228 Thread 0x0000025a29a13940 nmethod 969 0x0000025a347dec10 code [0x0000025a347deda0, 0x0000025a347def28]
Event: 3.228 Thread 0x0000025a29a13940  970       1       sun.security.util.DerOutputStream::buf (5 bytes)
Event: 3.228 Thread 0x0000025a29a13940 nmethod 970 0x0000025a347def90 code [0x0000025a347df120, 0x0000025a347df1e8]
Event: 3.228 Thread 0x0000025a29a13940  972  s    3       java.util.Hashtable::get (69 bytes)
Event: 3.229 Thread 0x0000025a29a13940 nmethod 972 0x0000025a2ce2e190 code [0x0000025a2ce2e380, 0x0000025a2ce2e8d0]
Event: 3.229 Thread 0x0000025a29a13940  973       3       jdk.internal.util.ArraysSupport::mismatch (73 bytes)
Event: 3.229 Thread 0x0000025a29a13940 nmethod 973 0x0000025a2ce2ea90 code [0x0000025a2ce2ec80, 0x0000025a2ce2f070]
Event: 3.229 Thread 0x0000025a29a13940  971       3       java.util.Arrays::equals (43 bytes)
Event: 3.230 Thread 0x0000025a29a13940 nmethod 971 0x0000025a2ce2f290 code [0x0000025a2ce2f460, 0x0000025a2ce2f728]
Event: 3.232 Thread 0x0000025a299aaae0 nmethod 965 0x0000025a347df290 code [0x0000025a347df460, 0x0000025a347df7e0]
Event: 3.232 Thread 0x0000025a299aaae0  967   !   4       java.util.jar.Attributes::read (494 bytes)

GC Heap History (0 events):
No events

Dll operation events (8 events):
Event: 0.078 Loaded shared library c:\Users\POS\.vscode\extensions\redhat.java-1.47.0-win32-x64\jre\21.0.8-win32-x86_64\bin\java.dll
Event: 0.416 Loaded shared library c:\Users\POS\.vscode\extensions\redhat.java-1.47.0-win32-x64\jre\21.0.8-win32-x86_64\bin\zip.dll
Event: 0.509 Loaded shared library C:\Users\POS\.vscode\extensions\redhat.java-1.47.0-win32-x64\jre\21.0.8-win32-x86_64\bin\instrument.dll
Event: 0.526 Loaded shared library C:\Users\POS\.vscode\extensions\redhat.java-1.47.0-win32-x64\jre\21.0.8-win32-x86_64\bin\net.dll
Event: 0.531 Loaded shared library C:\Users\POS\.vscode\extensions\redhat.java-1.47.0-win32-x64\jre\21.0.8-win32-x86_64\bin\nio.dll
Event: 0.540 Loaded shared library C:\Users\POS\.vscode\extensions\redhat.java-1.47.0-win32-x64\jre\21.0.8-win32-x86_64\bin\zip.dll
Event: 0.607 Loaded shared library C:\Users\POS\.vscode\extensions\redhat.java-1.47.0-win32-x64\jre\21.0.8-win32-x86_64\bin\jimage.dll
Event: 0.881 Loaded shared library c:\Users\POS\.vscode\extensions\redhat.java-1.47.0-win32-x64\jre\21.0.8-win32-x86_64\bin\verify.dll

Deoptimization events (20 events):
Event: 2.365 Thread 0x0000025a29ab2910 Uncommon trap: trap_request=0xffffff6e fr.pc=0x0000025a347c1e9c relative=0x00000000000001fc
Event: 2.365 Thread 0x0000025a29ab2910 Uncommon trap: reason=loop_limit_check action=maybe_recompile pc=0x0000025a347c1e9c method=java.math.BigInteger.implMulAdd([I[IIII)I @ 26 c2
Event: 2.365 Thread 0x0000025a29ab2910 DEOPT PACKING pc=0x0000025a347c1e9c sp=0x000000e38eefd590
Event: 2.365 Thread 0x0000025a29ab2910 DEOPT UNPACKING pc=0x0000025a34233aa2 sp=0x000000e38eefd4e0 mode 2
Event: 2.766 Thread 0x0000025a29ab2910 Uncommon trap: trap_request=0xffffff45 fr.pc=0x0000025a347cfaac relative=0x000000000000008c
Event: 2.766 Thread 0x0000025a29ab2910 Uncommon trap: reason=unstable_if action=reinterpret pc=0x0000025a347cfaac method=jdk.internal.misc.Unsafe.convEndian(ZI)I @ 4 c2
Event: 2.766 Thread 0x0000025a29ab2910 DEOPT PACKING pc=0x0000025a347cfaac sp=0x000000e38eefda80
Event: 2.766 Thread 0x0000025a29ab2910 DEOPT UNPACKING pc=0x0000025a34233aa2 sp=0x000000e38eefd9b0 mode 2
Event: 2.784 Thread 0x0000025a29ab2910 Uncommon trap: trap_request=0xffffff45 fr.pc=0x0000025a347b1fe0 relative=0x0000000000000600
Event: 2.784 Thread 0x0000025a29ab2910 Uncommon trap: reason=unstable_if action=reinterpret pc=0x0000025a347b1fe0 method=java.lang.AbstractStringBuilder.append(Ljava/lang/String;)Ljava/lang/AbstractStringBuilder; @ 1 c2
Event: 2.784 Thread 0x0000025a29ab2910 DEOPT PACKING pc=0x0000025a347b1fe0 sp=0x000000e38eefdde0
Event: 2.784 Thread 0x0000025a29ab2910 DEOPT UNPACKING pc=0x0000025a34233aa2 sp=0x000000e38eefdd70 mode 2
Event: 2.897 Thread 0x0000025a29ab2910 DEOPT PACKING pc=0x0000025a2cdc2a7b sp=0x000000e38eefd280
Event: 2.897 Thread 0x0000025a29ab2910 DEOPT UNPACKING pc=0x0000025a34234242 sp=0x000000e38eefc6f8 mode 0
Event: 3.217 Thread 0x0000025a29ab2910 DEOPT PACKING pc=0x0000025a2ce28431 sp=0x000000e38eefeaf0
Event: 3.217 Thread 0x0000025a29ab2910 DEOPT UNPACKING pc=0x0000025a34234242 sp=0x000000e38eefdf68 mode 0
Event: 3.218 Thread 0x0000025a29ab2910 DEOPT PACKING pc=0x0000025a2ce28431 sp=0x000000e38eefeaf0
Event: 3.218 Thread 0x0000025a29ab2910 DEOPT UNPACKING pc=0x0000025a34234242 sp=0x000000e38eefdf68 mode 0
Event: 3.218 Thread 0x0000025a29ab2910 DEOPT PACKING pc=0x0000025a2ce28431 sp=0x000000e38eefeaf0
Event: 3.218 Thread 0x0000025a29ab2910 DEOPT UNPACKING pc=0x0000025a34234242 sp=0x000000e38eefdf68 mode 0

Classes loaded (20 events):
Event: 3.096 Loading class sun/nio/fs/WindowsFileSystemProvider$1
Event: 3.097 Loading class sun/nio/fs/WindowsFileSystemProvider$1 done
Event: 3.097 Loading class sun/nio/fs/WindowsLinkSupport
Event: 3.097 Loading class sun/nio/fs/WindowsLinkSupport done
Event: 3.098 Loading class sun/nio/fs/WindowsAclFileAttributeView
Event: 3.098 Loading class sun/nio/fs/AbstractAclFileAttributeView
Event: 3.099 Loading class java/nio/file/attribute/AclFileAttributeView
Event: 3.099 Loading class java/nio/file/attribute/FileOwnerAttributeView
Event: 3.099 Loading class java/nio/file/attribute/FileOwnerAttributeView done
Event: 3.099 Loading class java/nio/file/attribute/AclFileAttributeView done
Event: 3.099 Loading class sun/nio/fs/AbstractAclFileAttributeView done
Event: 3.099 Loading class sun/nio/fs/WindowsAclFileAttributeView done
Event: 3.100 Loading class sun/nio/fs/WindowsSecurity
Event: 3.100 Loading class sun/nio/fs/WindowsSecurity done
Event: 3.101 Loading class sun/nio/fs/WindowsFileStore
Event: 3.101 Loading class java/nio/file/FileStore
Event: 3.101 Loading class java/nio/file/FileStore done
Event: 3.101 Loading class sun/nio/fs/WindowsFileStore done
Event: 3.108 Loading class java/net/URLClassLoader$1
Event: 3.108 Loading class java/net/URLClassLoader$1 done

Classes unloaded (0 events):
No events

Classes redefined (0 events):
No events

Internal exceptions (20 events):
Event: 0.738 Thread 0x0000025a29ab2910 Exception <a 'java/lang/NoSuchMethodError'{0x00000000d59e8068}: 'void java.lang.invoke.DelegatingMethodHandle$Holder.reinvoke_L(java.lang.Object, java.lang.Object, java.lang.Object, int, java.lang.Object)'> (0x00000000d59e8068) 
thrown [s\src\hotspot\share\interpreter\linkResolver.cpp, line 773]
Event: 0.748 Thread 0x0000025a29ab2910 Exception <a 'java/lang/NoSuchMethodError'{0x00000000d59f89b8}: 'int java.lang.invoke.DirectMethodHandle$Holder.invokeSpecial(java.lang.Object, java.lang.Object, java.lang.Object)'> (0x00000000d59f89b8) 
thrown [s\src\hotspot\share\interpreter\linkResolver.cpp, line 773]
Event: 0.765 Thread 0x0000025a29ab2910 Exception <a 'java/lang/NoSuchMethodError'{0x00000000d5a04678}: 'java.lang.Object java.lang.invoke.DirectMethodHandle$Holder.invokeStatic(java.lang.Object, java.lang.Object, int)'> (0x00000000d5a04678) 
thrown [s\src\hotspot\share\interpreter\linkResolver.cpp, line 773]
Event: 0.777 Thread 0x0000025a29ab2910 Exception <a 'java/lang/NoSuchMethodError'{0x00000000d5a08fc8}: 'void java.lang.invoke.DirectMethodHandle$Holder.invokeStatic(java.lang.Object, java.lang.Object, int, java.lang.Object)'> (0x00000000d5a08fc8) 
thrown [s\src\hotspot\share\interpreter\linkResolver.cpp, line 773]
Event: 0.784 Thread 0x0000025a29ab2910 Exception <a 'java/lang/NoSuchMethodError'{0x00000000d5a0cb58}: 'void java.lang.invoke.DirectMethodHandle$Holder.invokeSpecial(java.lang.Object, java.lang.Object, java.lang.Object, int, java.lang.Object)'> (0x00000000d5a0cb58) 
thrown [s\src\hotspot\share\interpreter\linkResolver.cpp, line 773]
Event: 0.786 Thread 0x0000025a29ab2910 Exception <a 'java/lang/NoSuchMethodError'{0x00000000d5a0ffc8}: 'void java.lang.invoke.DelegatingMethodHandle$Holder.delegate(java.lang.Object, java.lang.Object, int, java.lang.Object)'> (0x00000000d5a0ffc8) 
thrown [s\src\hotspot\share\interpreter\linkResolver.cpp, line 773]
Event: 0.966 Thread 0x0000025a29ab2910 Exception <a 'java/lang/NoSuchMethodError'{0x00000000d5bcedd8}: 'void java.lang.invoke.DelegatingMethodHandle$Holder.reinvoke_L(java.lang.Object, java.lang.Object, java.lang.Object, int)'> (0x00000000d5bcedd8) 
thrown [s\src\hotspot\share\interpreter\linkResolver.cpp, line 773]
Event: 1.908 Thread 0x0000025a29ab2910 Exception <a 'java/lang/NoSuchMethodError'{0x00000000d605a648}: 'void java.lang.invoke.DirectMethodHandle$Holder.invokeVirtual(java.lang.Object, java.lang.Object)'> (0x00000000d605a648) 
thrown [s\src\hotspot\share\interpreter\linkResolver.cpp, line 773]
Event: 2.550 Thread 0x0000025a29ab2910 Exception <a 'java/lang/NoSuchMethodError'{0x00000000d6435cf0}: 'void java.lang.invoke.DirectMethodHandle$Holder.invokeStatic(java.lang.Object, java.lang.Object)'> (0x00000000d6435cf0) 
thrown [s\src\hotspot\share\interpreter\linkResolver.cpp, line 773]
Event: 2.625 Thread 0x0000025a29ab2910 Exception <a 'java/lang/ClassNotFoundException'{0x00000000d645d4b8}: sun/net/www/protocol/c/Handler> (0x00000000d645d4b8) 
thrown [s\src\hotspot\share\classfile\systemDictionary.cpp, line 312]
Event: 2.746 Thread 0x0000025a29ab2910 Exception <a 'java/io/FileNotFoundException'{0x00000000d64b68c0}> (0x00000000d64b68c0) 
thrown [s\src\hotspot\share\prims\jni.cpp, line 520]
Event: 2.749 Thread 0x0000025a29ab2910 Exception <a 'java/io/FileNotFoundException'{0x00000000d64b7c10}> (0x00000000d64b7c10) 
thrown [s\src\hotspot\share\prims\jni.cpp, line 520]
Event: 2.750 Thread 0x0000025a29ab2910 Exception <a 'java/io/FileNotFoundException'{0x00000000d64b8870}> (0x00000000d64b8870) 
thrown [s\src\hotspot\share\prims\jni.cpp, line 520]
Event: 2.750 Thread 0x0000025a29ab2910 Exception <a 'java/io/FileNotFoundException'{0x00000000d64b93a8}> (0x00000000d64b93a8) 
thrown [s\src\hotspot\share\prims\jni.cpp, line 520]
Event: 2.784 Thread 0x0000025a29ab2910 Implicit null exception at 0x0000025a347b1a24 to 0x0000025a347b1fc8
Event: 2.799 Thread 0x0000025a29ab2910 Exception <a 'java/io/FileNotFoundException'{0x00000000d64f17f0}> (0x00000000d64f17f0) 
thrown [s\src\hotspot\share\prims\jni.cpp, line 520]
Event: 2.886 Thread 0x0000025a29ab2910 Exception <a 'java/lang/NoSuchMethodError'{0x00000000d6529960}: 'java.lang.Object java.lang.invoke.DirectMethodHandle$Holder.invokeInterface(java.lang.Object, java.lang.Object)'> (0x00000000d6529960) 
thrown [s\src\hotspot\share\interpreter\linkResolver.cpp, line 773]
Event: 2.902 Thread 0x0000025a29ab2910 Exception <a 'java/lang/NoSuchMethodError'{0x00000000d653d1b0}: 'java.lang.Object java.lang.invoke.Invokers$Holder.invokeExact_MT(java.lang.Object, java.lang.Object, java.lang.Object, java.lang.Object, java.lang.Object, java.lang.Object)'> (0x00000000d653d1b0) 
thrown [s\src\hotspot\share\interpreter\linkResolver.cpp, line 773]
Event: 2.918 Thread 0x0000025a29ab2910 Exception <a 'java/lang/NoSuchMethodError'{0x00000000d6554408}: 'int java.lang.invoke.DirectMethodHandle$Holder.invokeStatic(java.lang.Object, java.lang.Object, java.lang.Object, java.lang.Object, java.lang.Object)'> (0x00000000d6554408) 
thrown [s\src\hotspot\share\interpreter\linkResolver.cpp, line 773]
Event: 3.052 Thread 0x0000025a29ab2910 Exception <a 'java/lang/NoSuchMethodError'{0x00000000d65e7f68}: 'java.lang.Object java.lang.invoke.DirectMethodHandle$Holder.invokeInterface(java.lang.Object, java.lang.Object, int)'> (0x00000000d65e7f68) 
thrown [s\src\hotspot\share\interpreter\linkResolver.cpp, line 773]

ZGC Phase Switch (0 events):
No events

VM Operations (10 events):
Event: 0.409 Executing VM operation: HandshakeAllThreads (Deoptimize)
Event: 0.409 Executing VM operation: HandshakeAllThreads (Deoptimize) done
Event: 0.658 Executing VM operation: HandshakeAllThreads (Deoptimize)
Event: 0.658 Executing VM operation: HandshakeAllThreads (Deoptimize) done
Event: 1.661 Executing VM operation: Cleanup
Event: 1.662 Executing VM operation: Cleanup done
Event: 2.439 Executing VM operation: HandshakeAllThreads (Deoptimize)
Event: 2.439 Executing VM operation: HandshakeAllThreads (Deoptimize) done
Event: 2.542 Executing VM operation: HandshakeAllThreads (Deoptimize)
Event: 2.542 Executing VM operation: HandshakeAllThreads (Deoptimize) done

Memory protections (0 events):
No events

Nmethod flushes (0 events):
No events

Events (11 events):
Event: 0.216 Thread 0x0000025a29ab2910 Thread added: 0x0000025a29ab2910
Event: 0.283 Thread 0x0000025a29ab2910 Thread added: 0x0000025a299a1be0
Event: 0.283 Thread 0x0000025a29ab2910 Thread added: 0x0000025a299a2a80
Event: 0.284 Thread 0x0000025a29ab2910 Thread added: 0x0000025a299a5930
Event: 0.284 Thread 0x0000025a29ab2910 Thread added: 0x0000025a299a6800
Event: 0.284 Thread 0x0000025a29ab2910 Thread added: 0x0000025a299a9260
Event: 0.284 Thread 0x0000025a29ab2910 Thread added: 0x0000025a299a9cb0
Event: 0.284 Thread 0x0000025a29ab2910 Thread added: 0x0000025a299aaae0
Event: 0.293 Thread 0x0000025a29ab2910 Thread added: 0x0000025a29a13940
Event: 0.380 Thread 0x0000025a29ab2910 Thread added: 0x0000025a29b1cb40
Event: 1.435 Thread 0x0000025a29ab2910 Thread added: 0x0000025a822fcc90


Dynamic libraries:
0x00007ff6ad530000 - 0x00007ff6ad53e000 	c:\Users\POS\.vscode\extensions\redhat.java-1.47.0-win32-x64\jre\21.0.8-win32-x86_64\bin\java.exe
0x00007ffeae610000 - 0x00007ffeae808000 	C:\Windows\SYSTEM32\ntdll.dll
0x00007ffead430000 - 0x00007ffead4f2000 	C:\Windows\System32\KERNEL32.DLL
0x00007ffeabea0000 - 0x00007ffeac196000 	C:\Windows\System32\KERNELBASE.dll
0x00007ffeabda0000 - 0x00007ffeabea0000 	C:\Windows\System32\ucrtbase.dll
0x00007ffea67f0000 - 0x00007ffea6808000 	c:\Users\POS\.vscode\extensions\redhat.java-1.47.0-win32-x64\jre\21.0.8-win32-x86_64\bin\jli.dll
0x00007ffeac910000 - 0x00007ffeacab1000 	C:\Windows\System32\USER32.dll
0x00007ffeabca0000 - 0x00007ffeabcc2000 	C:\Windows\System32\win32u.dll
0x00007ffeae230000 - 0x00007ffeae25b000 	C:\Windows\System32\GDI32.dll
0x00007ffeac300000 - 0x00007ffeac419000 	C:\Windows\System32\gdi32full.dll
0x00007ffeabcd0000 - 0x00007ffeabd6d000 	C:\Windows\System32\msvcp_win.dll
0x00007ffea59c0000 - 0x00007ffea59de000 	c:\Users\POS\.vscode\extensions\redhat.java-1.47.0-win32-x64\jre\21.0.8-win32-x86_64\bin\VCRUNTIME140.dll
0x00007ffe9b470000 - 0x00007ffe9b70b000 	C:\Windows\WinSxS\amd64_microsoft.windows.common-controls_6595b64144ccf1df_6.0.19041.6456_none_60b8a6cb71f64256\COMCTL32.dll
0x00007ffead500000 - 0x00007ffead59e000 	C:\Windows\System32\msvcrt.dll
0x00007ffeac630000 - 0x00007ffeac65f000 	C:\Windows\System32\IMM32.DLL
0x00007ffea84f0000 - 0x00007ffea84fc000 	c:\Users\POS\.vscode\extensions\redhat.java-1.47.0-win32-x64\jre\21.0.8-win32-x86_64\bin\vcruntime140_1.dll
0x00007ffe8a030000 - 0x00007ffe8a0bd000 	c:\Users\POS\.vscode\extensions\redhat.java-1.47.0-win32-x64\jre\21.0.8-win32-x86_64\bin\msvcp140.dll
0x00007ffe5ab90000 - 0x00007ffe5b927000 	c:\Users\POS\.vscode\extensions\redhat.java-1.47.0-win32-x64\jre\21.0.8-win32-x86_64\bin\server\jvm.dll
0x00007ffeae260000 - 0x00007ffeae311000 	C:\Windows\System32\ADVAPI32.dll
0x00007ffeadc90000 - 0x00007ffeadd2f000 	C:\Windows\System32\sechost.dll
0x00007ffead230000 - 0x00007ffead350000 	C:\Windows\System32\RPCRT4.dll
0x00007ffeabd70000 - 0x00007ffeabd97000 	C:\Windows\System32\bcrypt.dll
0x00007ffead650000 - 0x00007ffead6bb000 	C:\Windows\System32\WS2_32.dll
0x00007ffeab9e0000 - 0x00007ffeaba2b000 	C:\Windows\SYSTEM32\POWRPROF.dll
0x00007ffe9a820000 - 0x00007ffe9a847000 	C:\Windows\SYSTEM32\WINMM.dll
0x00007ffea3cc0000 - 0x00007ffea3cca000 	C:\Windows\SYSTEM32\VERSION.dll
0x00007ffeab9c0000 - 0x00007ffeab9d2000 	C:\Windows\SYSTEM32\UMPDC.dll
0x00007ffea9b10000 - 0x00007ffea9b22000 	C:\Windows\SYSTEM32\kernel.appcore.dll
0x00007ffea5990000 - 0x00007ffea599a000 	c:\Users\POS\.vscode\extensions\redhat.java-1.47.0-win32-x64\jre\21.0.8-win32-x86_64\bin\jimage.dll
0x00007ffe992d0000 - 0x00007ffe994d1000 	C:\Windows\SYSTEM32\DBGHELP.DLL
0x00007ffe95890000 - 0x00007ffe958c4000 	C:\Windows\SYSTEM32\dbgcore.DLL
0x00007ffeac1a0000 - 0x00007ffeac222000 	C:\Windows\System32\bcryptPrimitives.dll
0x00007ffe987c0000 - 0x00007ffe987cf000 	c:\Users\POS\.vscode\extensions\redhat.java-1.47.0-win32-x64\jre\21.0.8-win32-x86_64\bin\instrument.dll
0x00007ffea51a0000 - 0x00007ffea51bf000 	c:\Users\POS\.vscode\extensions\redhat.java-1.47.0-win32-x64\jre\21.0.8-win32-x86_64\bin\java.dll
0x00007ffeacac0000 - 0x00007ffead230000 	C:\Windows\System32\SHELL32.dll
0x00007ffea9d10000 - 0x00007ffeaa4b5000 	C:\Windows\SYSTEM32\windows.storage.dll
0x00007ffead870000 - 0x00007ffeadbc4000 	C:\Windows\System32\combase.dll
0x00007ffeab5f0000 - 0x00007ffeab61b000 	C:\Windows\SYSTEM32\Wldp.dll
0x00007ffeae480000 - 0x00007ffeae54d000 	C:\Windows\System32\OLEAUT32.dll
0x00007ffeadbe0000 - 0x00007ffeadc8d000 	C:\Windows\System32\SHCORE.dll
0x00007ffeae3c0000 - 0x00007ffeae41b000 	C:\Windows\System32\shlwapi.dll
0x00007ffeabbd0000 - 0x00007ffeabbf4000 	C:\Windows\SYSTEM32\profapi.dll
0x00007ffea4b50000 - 0x00007ffea4b68000 	c:\Users\POS\.vscode\extensions\redhat.java-1.47.0-win32-x64\jre\21.0.8-win32-x86_64\bin\zip.dll
0x00007ffea5980000 - 0x00007ffea5990000 	C:\Users\POS\.vscode\extensions\redhat.java-1.47.0-win32-x64\jre\21.0.8-win32-x86_64\bin\net.dll
0x00007ffea0700000 - 0x00007ffea080a000 	C:\Windows\SYSTEM32\WINHTTP.dll
0x00007ffeab350000 - 0x00007ffeab3ba000 	C:\Windows\system32\mswsock.dll
0x00007ffe983c0000 - 0x00007ffe983d6000 	C:\Users\POS\.vscode\extensions\redhat.java-1.47.0-win32-x64\jre\21.0.8-win32-x86_64\bin\nio.dll
0x00007ffe95b40000 - 0x00007ffe95b50000 	c:\Users\POS\.vscode\extensions\redhat.java-1.47.0-win32-x64\jre\21.0.8-win32-x86_64\bin\verify.dll

JVMTI agents:
c:\Users\POS\.vscode\extensions\redhat.java-1.47.0-win32-x64\lombok\lombok-1.18.39-4050.jar path:c:\Users\POS\.vscode\extensions\redhat.java-1.47.0-win32-x64\jre\21.0.8-win32-x86_64\bin\instrument.dll, loaded, initialized, instrumentlib options:none

dbghelp: loaded successfully - version: 4.0.5 - missing functions: none
symbol engine: initialized successfully - sym options: 0x614 - pdb path: .;c:\Users\POS\.vscode\extensions\redhat.java-1.47.0-win32-x64\jre\21.0.8-win32-x86_64\bin;C:\Windows\SYSTEM32;C:\Windows\WinSxS\amd64_microsoft.windows.common-controls_6595b64144ccf1df_6.0.19041.6456_none_60b8a6cb71f64256;c:\Users\POS\.vscode\extensions\redhat.java-1.47.0-win32-x64\jre\21.0.8-win32-x86_64\bin\server

VM Arguments:
jvm_args: --add-modules=ALL-SYSTEM --add-opens=java.base/java.util=ALL-UNNAMED --add-opens=java.base/java.lang=ALL-UNNAMED --add-opens=java.base/sun.nio.fs=ALL-UNNAMED -Declipse.application=org.eclipse.jdt.ls.core.id1 -Dosgi.bundles.defaultStartLevel=4 -Declipse.product=org.eclipse.jdt.ls.core.product -Djava.import.generatesMetadataFilesAtProjectRoot=false -DDetectVMInstallationsJob.disabled=true -Dfile.encoding=utf8 -XX:+UseParallelGC -XX:GCTimeRatio=4 -XX:AdaptiveSizePolicyWeight=90 -Dsun.zip.disableMemoryMapping=true -Xmx2G -Xms100m -Xlog:disable -javaagent:c:\Users\POS\.vscode\extensions\redhat.java-1.47.0-win32-x64\lombok\lombok-1.18.39-4050.jar 
java_command: c:\Users\POS\.vscode\extensions\redhat.java-1.47.0-win32-x64\server\plugins\org.eclipse.equinox.launcher_1.7.100.v20251014-1222.jar -configuration c:\Users\POS\AppData\Roaming\Code\User\globalStorage\redhat.java\1.47.0\config_ss_win -data c:\Users\POS\AppData\Roaming\Code\User\workspaceStorage\008ff02e03c7615aeb9353bddca748a4\redhat.java\ss_ws --pipe=\\.\pipe\lsp-fbe9fd811400b177837ee9d00a70894d-sock
java_class_path (initial): c:\Users\POS\.vscode\extensions\redhat.java-1.47.0-win32-x64\server\plugins\org.eclipse.equinox.launcher_1.7.100.v20251014-1222.jar
Launcher Type: SUN_STANDARD

[Global flags]
    uintx AdaptiveSizePolicyWeight                 = 90                                        {product} {command line}
     intx CICompilerCount                          = 3                                         {product} {ergonomic}
    uintx GCTimeRatio                              = 4                                         {product} {command line}
   size_t InitialHeapSize                          = 104857600                                 {product} {command line}
   size_t MaxHeapSize                              = 2147483648                                {product} {command line}
   size_t MaxNewSize                               = 715653120                                 {product} {ergonomic}
   size_t MinHeapDeltaBytes                        = 524288                                    {product} {ergonomic}
   size_t MinHeapSize                              = 104857600                                 {product} {command line}
   size_t NewSize                                  = 34603008                                  {product} {ergonomic}
    uintx NonNMethodCodeHeapSize                   = 5832780                                {pd product} {ergonomic}
    uintx NonProfiledCodeHeapSize                  = 122912730                              {pd product} {ergonomic}
   size_t OldSize                                  = 70254592                                  {product} {ergonomic}
    uintx ProfiledCodeHeapSize                     = 122912730                              {pd product} {ergonomic}
    uintx ReservedCodeCacheSize                    = 251658240                              {pd product} {ergonomic}
     bool SegmentedCodeCache                       = true                                      {product} {ergonomic}
   size_t SoftMaxHeapSize                          = 2147483648                             {manageable} {ergonomic}
     bool UseCompressedOops                        = true                           {product lp64_product} {ergonomic}
     bool UseLargePagesIndividualAllocation        = false                                  {pd product} {ergonomic}
     bool UseParallelGC                            = true                                      {product} {command line}

Logging:
Log output configuration:
 #0: stdout all=off uptime,level,tags foldmultilines=false
 #1: stderr all=off uptime,level,tags foldmultilines=false

Environment Variables:
JAVA_HOME=D:\java17
PATH=C:\Program Files\Common Files\Oracle\Java\javapath;C:\Python313\Scripts\;C:\Python313\;C:\Windows\system32;C:\Windows;C:\Windows\System32\Wbem;C:\Windows\System32\WindowsPowerShell\v1.0\;C:\Windows\System32\OpenSSH\;C:\Program Files\Git\cmd;D:\apache-maven-3.9.9\bin;D:\java17;D:\node\;C:\ProgramData\chocolatey\bin;D:\opencv\4.10.0\opencv\build\java\x64;D:\ffmpeg-7.1.1-essentials_build\bin;D:\gradle-8.12.1\bin;D:\axis2-1.7.9-bin\axis2-2.0.0;D:\gradle-8.12.1\bin;C:\Program Files (x86)\PuTTY\;C:\Python313\Scripts\;C:\Python313\;C:\Windows\system32;C:\Windows;C:\Windows\System32\Wbem;C:\Windows\System32\WindowsPowerShell\v1.0\;C:\Windows\System32\OpenSSH\;C:\Program Files\Git\cmd;D:\apache-maven-3.9.9\bin;D:\java8;D:\node\;C:\ProgramData\chocolatey\bin;D:\opencv\4.10.0\opencv\build\java\x64;C:\Users\POS\AppData\Local\Microsoft\WindowsApps;C:\Users\POS\AppData\Local\Microsoft\WinGet\Packages\Schniz.fnm_Microsoft.Winget.Source_8wekyb3d8bbwe;C:\Users\POS\AppData\Roaming\npm;D:\IntelliJ IDEA 2024.3.4.1\bin;C:\Users\POS\AppData\Local\Programs\Microsoft VS Code\bin;D:\java8\bin;C:\Users\POS\.deno\bin;
USERNAME=POS
OS=Windows_NT
PROCESSOR_IDENTIFIER=Intel64 Family 6 Model 69 Stepping 1, GenuineIntel
TMP=C:\Users\POS\AppData\Local\Temp
TEMP=C:\Users\POS\AppData\Local\Temp




Periodic native trim disabled

---------------  S Y S T E M  ---------------

OS:
 Windows 10 , 64 bit Build 19041 (10.0.19041.5915)
OS uptime: 6 days 16:17 hours

CPU: total 4 (initial active 4) (2 cores per cpu, 2 threads per core) family 6 model 69 stepping 1 microcode 0x25, cx8, cmov, fxsr, ht, mmx, sse, sse2, sse3, ssse3, sse4.1, sse4.2, popcnt, lzcnt, tsc, tscinvbit, avx, avx2, aes, erms, clmul, bmi1, bmi2, fma, vzeroupper, clflush, rdtscp, f16c
Processor Information for the first 4 processors :
  Max Mhz: 1900, Current Mhz: 1900, Mhz Limit: 1900

Memory: 4k page, system-wide physical 4017M (89M free)
TotalPageFile size 8942M (AvailPageFile size 1M)
current process WorkingSet (physical memory assigned to process): 65M, peak: 65M
current process commit charge ("private bytes"): 217M, peak: 217M

vm_info: OpenJDK 64-Bit Server VM (21.0.8+9-LTS) for windows-amd64 JRE (21.0.8+9-LTS), built on 2025-07-15T00:00:00Z by "admin" with MS VC++ 17.7 (VS2022)

END.
